SF:lib\core\remote_urls.dart
DA:4,1
DA:5,1
LF:2
LH:2
end_of_record
SF:lib\modules\ popular_articles\data\datasources\remote_data_source.dart
DA:15,1
DA:17,1
DA:20,1
DA:22,2
DA:24,2
DA:27,0
DA:29,0
LF:7
LH:5
end_of_record
SF:lib\core\error\exception.dart
DA:4,6
DA:8,5
DA:9,0
DA:13,0
DA:14,0
DA:18,5
DA:19,0
DA:23,5
DA:24,0
DA:28,5
DA:29,0
DA:33,0
DA:34,0
LF:13
LH:5
end_of_record
SF:lib\core\network\network_parser.dart
DA:11,0
DA:14,0
DA:15,0
DA:16,0
DA:17,0
DA:18,0
DA:19,0
DA:21,0
DA:26,0
DA:31,0
DA:32,0
DA:33,0
DA:34,0
DA:36,0
DA:38,0
DA:41,0
DA:42,0
LF:17
LH:0
end_of_record
SF:lib\modules\ popular_articles\data\model\popular_articles_model.dart
DA:6,4
DA:8,1
DA:9,2
DA:10,2
DA:11,2
LF:5
LH:5
end_of_record
SF:lib\modules\ popular_articles\data\model\article_model.dart
DA:4,5
DA:8,2
DA:10,2
DA:11,4
DA:12,2
DA:13,2
LF:6
LH:6
end_of_record
SF:lib\modules\ popular_articles\domain\entities\article_entity.dart
DA:8,6
DA:14,2
DA:15,8
LF:3
LH:3
end_of_record
SF:lib\modules\ popular_articles\domain\entities\popular_articles_entity.dart
DA:8,4
DA:12,1
DA:13,2
LF:3
LH:3
end_of_record
SF:lib\core\error\failure.dart
DA:7,2
DA:9,1
DA:10,3
DA:14,2
DA:15,1
LF:5
LH:5
end_of_record
SF:lib\modules\ popular_articles\data\repositories\popular_articles _repository_imp.dart
DA:13,1
DA:15,1
DA:18,2
DA:19,1
DA:20,1
DA:21,4
LF:6
LH:6
end_of_record
SF:lib\modules\ popular_articles\domain\usecases\get_popular_articles.dart
DA:10,1
DA:12,1
DA:14,2
LF:3
LH:3
end_of_record
